16:07:54: Creating resource group General
16:07:54: Creating resource group Internal
16:07:54: Creating resource group Autodetect
16:07:54: Registering ResourceManager for type Mesh
16:07:54: Registering ResourceManager for type Material
16:07:54: Registering ResourceManager for type Skeleton
16:07:54: Skeleton: Loading cyborg_ninja.skeleton
16:07:54: OGRE EXCEPTION(6:FileNotFoundException): Cannot locate resource cyborg_ninja.skeleton in resource group General or any other group. in ResourceGroupManager::openResource at /home/leonardo/install/ogre/ogre_src_v1-7-3/OgreMain/src/OgreResourceGroupManager.cpp (line 753)
16:07:54: Unable to load skeleton cyborg_ninja.skeleton for Mesh conversion. This Mesh will not be animated. You can ignore this message if you are using an offline tool.
16:07:54: XMLMeshSerializer writing mesh data to cyborg_ninja.mesh.xml...
16:07:54: Populating DOM...
16:07:54: Writing submesh...
16:07:54: Exporting dedicated geometry bone assignments...
16:07:54: Dedicated geometry bone assignments exported.
16:07:54: Submesh exported.
16:07:54: Writing submesh...
16:07:54: Exporting dedicated geometry bone assignments...
16:07:54: Dedicated geometry bone assignments exported.
16:07:54: Submesh exported.
16:07:54: Writing submesh...
16:07:54: Exporting dedicated geometry bone assignments...
16:07:54: Dedicated geometry bone assignments exported.
16:07:54: Submesh exported.
16:07:54: Writing submesh...
16:07:54: Exporting dedicated geometry bone assignments...
16:07:54: Dedicated geometry bone assignments exported.
16:07:54: Submesh exported.
16:07:54: Writing submesh...
16:07:54: Exporting dedicated geometry bone assignments...
16:07:54: Dedicated geometry bone assignments exported.
16:07:54: Submesh exported.
16:07:54: Writing submesh...
16:07:54: Exporting dedicated geometry bone assignments...
16:07:54: Dedicated geometry bone assignments exported.
16:07:54: Submesh exported.
16:07:54: Exporting skeleton link...
16:07:54: Skeleton link exported.
16:07:54: DOM populated, writing XML file..
16:07:54: XMLMeshSerializer export successful.
16:07:54: Unregistering ResourceManager for type Skeleton
16:07:54: Unregistering ResourceManager for type Material
16:07:54: Unregistering ResourceManager for type Mesh
